{"uuid":"5b28bde6-bca0-430f-b3e4-4506b2c45c6f","historyId":"f423ed08ffe58329613b5176746dfae9","fullName":"Register functionality: Test if the user is able to register with invalid credentials","labels":[{"name":"tag","value":"register"},{"name":"tag","value":"reg"},{"name":"host","value":"ezhilvanans-mbp.lan"},{"name":"thread","value":"7426@ezhilvanans-mbp.lan.TestNG-PoolService-6(21)"},{"name":"feature","value":"Register functionality"},{"name":"story","value":"Test if the user is able to register with invalid credentials"},{"name":"suite","value":"Register functionality"},{"name":"testClass","value":"Test if the user is able to register with invalid credentials"},{"name":"framework","value":"cucumber4jvm"},{"name":"language","value":"java"},{"name":"gherkin_uri","value":"file:///Users/ezhilvanan/eclipse-workspace/SDET/DS_AlgoAll/src/test/resources/feature/Registerss.feature"},{"name":"package","value":"src.test.resources.feature.Registerss_feature.Register functionality"}],"links":[],"name":"Test if the user is able to register with invalid credentials","status":"broken","statusDetails":{"known":false,"muted":false,"flaky":false,"message":"stale element reference: element is not attached to the page document\n  (Session info: chrome=103.0.5060.53)\nFor documentation on this error, please visit: https://selenium.dev/exceptions/#stale_element_reference\nBuild info: version: '4.1.4', revision: '535d840ee2'\nSystem info: host: 'ezhilvanans-mbp.lan', ip: 'fd17:1e2f:be87:0:1024:7538:52c9:871f%en0', os.name: 'Mac OS X', os.arch: 'x86_64', os.version: '10.16', java.version: '14.0.2'\nDriver info: org.openqa.selenium.chrome.ChromeDriver\nCommand: [9654570c2c5bafa63645b7a4610ec25b, clickElement {id=5e17a8fa-2984-43ba-beae-2965fce8902c}]\nCapabilities {acceptInsecureCerts: false, browserName: chrome, browserVersion: 103.0.5060.53, chrome: {chromedriverVersion: 103.0.5060.53 (a1711811edd7..., userDataDir: /var/folders/gx/lmv3snzd457...}, goog:chromeOptions: {debuggerAddress: localhost:61463}, javascriptEnabled: true, networkConnectionEnabled: false, pageLoadStrategy: normal, platform: MAC, platformName: MAC, proxy: Proxy(), se:cdp: ws://localhost:61463/devtoo..., se:cdpVersion: 103.0.5060.53, setWindowRect: true, strictFileInteractability: false, timeouts: {implicit: 0, pageLoad: 300000, script: 30000}, unhandledPromptBehavior: dismiss and notify, webauthn:extension:credBlob: true, webauthn:extension:largeBlob: true, webauthn:virtualAuthenticators: true}\nElement: [[ChromeDriver: chrome on MAC (9654570c2c5bafa63645b7a4610ec25b)] -> xpath: //button[@class='btn']]\nSession ID: 9654570c2c5bafa63645b7a4610ec25b","trace":"org.openqa.selenium.StaleElementReferenceException: stale element reference: element is not attached to the page document\n  (Session info: chrome=103.0.5060.53)\nFor documentation on this error, please visit: https://selenium.dev/exceptions/#stale_element_reference\nBuild info: version: '4.1.4', revision: '535d840ee2'\nSystem info: host: 'ezhilvanans-mbp.lan', ip: 'fd17:1e2f:be87:0:1024:7538:52c9:871f%en0', os.name: 'Mac OS X', os.arch: 'x86_64', os.version: '10.16', java.version: '14.0.2'\nDriver info: org.openqa.selenium.chrome.ChromeDriver\nCommand: [9654570c2c5bafa63645b7a4610ec25b, clickElement {id=5e17a8fa-2984-43ba-beae-2965fce8902c}]\nCapabilities {acceptInsecureCerts: false, browserName: chrome, browserVersion: 103.0.5060.53, chrome: {chromedriverVersion: 103.0.5060.53 (a1711811edd7..., userDataDir: /var/folders/gx/lmv3snzd457...}, goog:chromeOptions: {debuggerAddress: localhost:61463}, javascriptEnabled: true, networkConnectionEnabled: false, pageLoadStrategy: normal, platform: MAC, platformName: MAC, proxy: Proxy(), se:cdp: ws://localhost:61463/devtoo..., se:cdpVersion: 103.0.5060.53, setWindowRect: true, strictFileInteractability: false, timeouts: {implicit: 0, pageLoad: 300000, script: 30000}, unhandledPromptBehavior: dismiss and notify, webauthn:extension:credBlob: true, webauthn:extension:largeBlob: true, webauthn:virtualAuthenticators: true}\nElement: [[ChromeDriver: chrome on MAC (9654570c2c5bafa63645b7a4610ec25b)] -> xpath: //button[@class='btn']]\nSession ID: 9654570c2c5bafa63645b7a4610ec25b\n\tat java.base/jdk.internal.reflect.NativeConstructorAccessorImpl.newInstance0(Native Method)\n\tat java.base/jdk.internal.reflect.NativeConstructorAccessorImpl.newInstance(NativeConstructorAccessorImpl.java:62)\n\tat java.base/jdk.internal.reflect.DelegatingConstructorAccessorImpl.newInstance(DelegatingConstructorAccessorImpl.java:45)\n\tat java.base/java.lang.reflect.Constructor.newInstanceWithCaller(Constructor.java:500)\n\tat java.base/java.lang.reflect.Constructor.newInstance(Constructor.java:481)\n\tat org.openqa.selenium.remote.codec.w3c.W3CHttpResponseCodec.createException(W3CHttpResponseCodec.java:200)\n\tat org.openqa.selenium.remote.codec.w3c.W3CHttpResponseCodec.decode(W3CHttpResponseCodec.java:133)\n\tat org.openqa.selenium.remote.codec.w3c.W3CHttpResponseCodec.decode(W3CHttpResponseCodec.java:53)\n\tat org.openqa.selenium.remote.HttpCommandExecutor.execute(HttpCommandExecutor.java:184)\n\tat org.openqa.selenium.remote.service.DriverCommandExecutor.invokeExecute(DriverCommandExecutor.java:167)\n\tat org.openqa.selenium.remote.service.DriverCommandExecutor.execute(DriverCommandExecutor.java:142)\n\tat org.openqa.selenium.remote.RemoteWebDriver.execute(RemoteWebDriver.java:567)\n\tat org.openqa.selenium.remote.RemoteWebElement.execute(RemoteWebElement.java:251)\n\tat org.openqa.selenium.remote.RemoteWebElement.click(RemoteWebElement.java:77)\n\tat pageClasses.Registerpageclass.homepage(Registerpageclass.java:53)\n\tat stepDefinition.Reg.the_user_is_in_the_register_page(Reg.java:35)\n\tat ✽.The user is in the register page(file:///Users/ezhilvanan/eclipse-workspace/SDET/DS_AlgoAll/src/test/resources/feature/Registerss.feature:29)\n"},"stage":"finished","steps":[{"name":"Given  The user is in the register page","status":"broken","statusDetails":{"known":false,"muted":false,"flaky":false,"message":"stale element reference: element is not attached to the page document\n  (Session info: chrome=103.0.5060.53)\nFor documentation on this error, please visit: https://selenium.dev/exceptions/#stale_element_reference\nBuild info: version: '4.1.4', revision: '535d840ee2'\nSystem info: host: 'ezhilvanans-mbp.lan', ip: 'fd17:1e2f:be87:0:1024:7538:52c9:871f%en0', os.name: 'Mac OS X', os.arch: 'x86_64', os.version: '10.16', java.version: '14.0.2'\nDriver info: org.openqa.selenium.chrome.ChromeDriver\nCommand: [9654570c2c5bafa63645b7a4610ec25b, clickElement {id=5e17a8fa-2984-43ba-beae-2965fce8902c}]\nCapabilities {acceptInsecureCerts: false, browserName: chrome, browserVersion: 103.0.5060.53, chrome: {chromedriverVersion: 103.0.5060.53 (a1711811edd7..., userDataDir: /var/folders/gx/lmv3snzd457...}, goog:chromeOptions: {debuggerAddress: localhost:61463}, javascriptEnabled: true, networkConnectionEnabled: false, pageLoadStrategy: normal, platform: MAC, platformName: MAC, proxy: Proxy(), se:cdp: ws://localhost:61463/devtoo..., se:cdpVersion: 103.0.5060.53, setWindowRect: true, strictFileInteractability: false, timeouts: {implicit: 0, pageLoad: 300000, script: 30000}, unhandledPromptBehavior: dismiss and notify, webauthn:extension:credBlob: true, webauthn:extension:largeBlob: true, webauthn:virtualAuthenticators: true}\nElement: [[ChromeDriver: chrome on MAC (9654570c2c5bafa63645b7a4610ec25b)] -> xpath: //button[@class='btn']]\nSession ID: 9654570c2c5bafa63645b7a4610ec25b","trace":"org.openqa.selenium.StaleElementReferenceException: stale element reference: element is not attached to the page document\n  (Session info: chrome=103.0.5060.53)\nFor documentation on this error, please visit: https://selenium.dev/exceptions/#stale_element_reference\nBuild info: version: '4.1.4', revision: '535d840ee2'\nSystem info: host: 'ezhilvanans-mbp.lan', ip: 'fd17:1e2f:be87:0:1024:7538:52c9:871f%en0', os.name: 'Mac OS X', os.arch: 'x86_64', os.version: '10.16', java.version: '14.0.2'\nDriver info: org.openqa.selenium.chrome.ChromeDriver\nCommand: [9654570c2c5bafa63645b7a4610ec25b, clickElement {id=5e17a8fa-2984-43ba-beae-2965fce8902c}]\nCapabilities {acceptInsecureCerts: false, browserName: chrome, browserVersion: 103.0.5060.53, chrome: {chromedriverVersion: 103.0.5060.53 (a1711811edd7..., userDataDir: /var/folders/gx/lmv3snzd457...}, goog:chromeOptions: {debuggerAddress: localhost:61463}, javascriptEnabled: true, networkConnectionEnabled: false, pageLoadStrategy: normal, platform: MAC, platformName: MAC, proxy: Proxy(), se:cdp: ws://localhost:61463/devtoo..., se:cdpVersion: 103.0.5060.53, setWindowRect: true, strictFileInteractability: false, timeouts: {implicit: 0, pageLoad: 300000, script: 30000}, unhandledPromptBehavior: dismiss and notify, webauthn:extension:credBlob: true, webauthn:extension:largeBlob: true, webauthn:virtualAuthenticators: true}\nElement: [[ChromeDriver: chrome on MAC (9654570c2c5bafa63645b7a4610ec25b)] -> xpath: //button[@class='btn']]\nSession ID: 9654570c2c5bafa63645b7a4610ec25b\n\tat java.base/jdk.internal.reflect.NativeConstructorAccessorImpl.newInstance0(Native Method)\n\tat java.base/jdk.internal.reflect.NativeConstructorAccessorImpl.newInstance(NativeConstructorAccessorImpl.java:62)\n\tat java.base/jdk.internal.reflect.DelegatingConstructorAccessorImpl.newInstance(DelegatingConstructorAccessorImpl.java:45)\n\tat java.base/java.lang.reflect.Constructor.newInstanceWithCaller(Constructor.java:500)\n\tat java.base/java.lang.reflect.Constructor.newInstance(Constructor.java:481)\n\tat org.openqa.selenium.remote.codec.w3c.W3CHttpResponseCodec.createException(W3CHttpResponseCodec.java:200)\n\tat org.openqa.selenium.remote.codec.w3c.W3CHttpResponseCodec.decode(W3CHttpResponseCodec.java:133)\n\tat org.openqa.selenium.remote.codec.w3c.W3CHttpResponseCodec.decode(W3CHttpResponseCodec.java:53)\n\tat org.openqa.selenium.remote.HttpCommandExecutor.execute(HttpCommandExecutor.java:184)\n\tat org.openqa.selenium.remote.service.DriverCommandExecutor.invokeExecute(DriverCommandExecutor.java:167)\n\tat org.openqa.selenium.remote.service.DriverCommandExecutor.execute(DriverCommandExecutor.java:142)\n\tat org.openqa.selenium.remote.RemoteWebDriver.execute(RemoteWebDriver.java:567)\n\tat org.openqa.selenium.remote.RemoteWebElement.execute(RemoteWebElement.java:251)\n\tat org.openqa.selenium.remote.RemoteWebElement.click(RemoteWebElement.java:77)\n\tat pageClasses.Registerpageclass.homepage(Registerpageclass.java:53)\n\tat stepDefinition.Reg.the_user_is_in_the_register_page(Reg.java:35)\n\tat ✽.The user is in the register page(file:///Users/ezhilvanan/eclipse-workspace/SDET/DS_AlgoAll/src/test/resources/feature/Registerss.feature:29)\n"},"stage":"finished","steps":[],"attachments":[],"parameters":[],"start":1657031298145,"stop":1657031298975},{"name":"When  The user enters invalid data from datasheet with \"4\" and \"Register\"","status":"skipped","statusDetails":{"known":false,"muted":false,"flaky":false},"stage":"finished","steps":[],"attachments":[],"parameters":[],"start":1657031298985,"stop":1657031298986},{"name":"And  The user clicks on submit button","status":"skipped","statusDetails":{"known":false,"muted":false,"flaky":false},"stage":"finished","steps":[],"attachments":[],"parameters":[],"start":1657031298986,"stop":1657031298988},{"name":"Then  An error message \"password mismatch\" should be displayed in the register page","status":"skipped","statusDetails":{"known":false,"muted":false,"flaky":false},"stage":"finished","steps":[],"attachments":[],"parameters":[],"start":1657031298991,"stop":1657031298994}],"attachments":[],"parameters":[{"name":"testid","value":"4"},{"name":"sheetname","value":"Register"}],"start":1657031289460,"stop":1657031299220}